DEBUG:root:2020-03-31 14:07 level1 completed
DEBUG:root:2020-03-31 14:07 level1 completed
DEBUG:root:2020-03-31 14:07 level1 completed
DEBUG:root:2020-03-31 14:07 level1 completed
DEBUG:root:2020-03-31 14:07 level1 completed
DEBUG:root:2020-03-31 14:07 level1 completed
DEBUG:root:2020-03-31 14:07 level1 completed
DEBUG:root:2020-03-31 14:07 level1 completed
DEBUG:root:2020-03-31 14:07 level1 completed
DEBUG:root:2020-03-31 14:07 level1 completed
DEBUG:root:2020-03-31 14:07 level1 completed
DEBUG:root:2020-03-31 14:07 level1 completed
DEBUG:root:2020-03-31 14:07 level1 completed
DEBUG:root:2020-03-31 14:07 level1 completed
DEBUG:root:2020-03-31 14:07 level1 completed
DEBUG:root:2020-03-31 14:07 level1 completed
DEBUG:root:2020-03-31 14:07 level1 completed
DEBUG:root:2020-03-31 14:07 level1 completed
DEBUG:root:2020-03-31 14:07 level1 completed
DEBUG:root:2020-03-31 14:07 level1 completed
DEBUG:root:2020-03-31 14:07 level1 completed
DEBUG:root:2020-03-31 14:07 level1 completed
DEBUG:root:2020-03-31 14:07 level1 completed
DEBUG:root:2020-03-31 14:07 level1 completed
DEBUG:root:2020-03-31 14:07 level1 completed
DEBUG:root:2020-03-31 14:07 level1 completed
DEBUG:root:2020-03-31 14:07 level1 completed
DEBUG:root:2020-03-31 14:07 level1 completed
DEBUG:root:2020-03-31 14:07 level1 completed
DEBUG:root:2020-03-31 14:07 level1 completed
DEBUG:root:2020-03-31 14:07 level1 completed
DEBUG:root:2020-03-31 14:07 level1 completed
DEBUG:root:2020-03-31 14:07 level1 completed
DEBUG:root:2020-03-31 14:07 level1 completed
DEBUG:root:2020-03-31 14:07 level1 completed
DEBUG:root:2020-03-31 14:07 level1 completed
DEBUG:root:2020-03-31 14:07 level1 completed
DEBUG:root:2020-03-31 14:07 level1 completed
DEBUG:root:2020-03-31 14:07 level1 completed
DEBUG:root:2020-03-31 14:07 level1 completed
DEBUG:root:2020-03-31 14:07 level1 completed
DEBUG:root:2020-03-31 14:07 level1 completed
DEBUG:root:2020-03-31 14:07 level1 completed
DEBUG:root:2020-03-31 14:07 level1 completed
DEBUG:root:2020-03-31 14:07 level1 completed
DEBUG:root:2020-03-31 14:07 level1 completed
DEBUG:root:2020-03-31 14:07 level1 completed
DEBUG:root:2020-03-31 14:07 level1 completed
DEBUG:root:2020-03-31 14:07 level1 completed
DEBUG:root:2020-03-31 14:07 level1 completed
DEBUG:root:2020-03-31 14:07 level1 completed
DEBUG:root:2020-03-31 14:07 level1 completed
DEBUG:root:2020-03-31 14:07 level1 completed
DEBUG:root:2020-03-31 14:07 level1 completed
DEBUG:root:2020-03-31 14:07 level1 completed
DEBUG:root:2020-03-31 14:07 level1 completed
DEBUG:root:2020-03-31 14:07 level1 completed
DEBUG:root:2020-03-31 14:07 level1 completed
DEBUG:root:2020-03-31 14:07 level1 completed
DEBUG:root:2020-03-31 14:07 level1 completed
DEBUG:root:2020-03-31 14:07 level1 completed
DEBUG:root:2020-03-31 14:07 level1 completed
DEBUG:root:2020-03-31 14:07 level1 completed
DEBUG:root:2020-03-31 14:07 level1 completed
DEBUG:root:2020-03-31 14:07 level1 completed
DEBUG:root:2020-03-31 14:07 level1 completed
DEBUG:root:2020-03-31 14:07 level1 completed
DEBUG:root:2020-03-31 14:07 level1 completed
DEBUG:root:2020-03-31 14:07 level1 completed
DEBUG:root:2020-03-31 14:07 level1 completed
DEBUG:root:2020-03-31 14:07 level1 completed
DEBUG:root:2020-03-31 14:07 level1 completed
DEBUG:root:2020-03-31 14:07 level1 completed
DEBUG:root:2020-03-31 14:07 level1 completed
DEBUG:root:2020-03-31 14:07 level1 completed
DEBUG:root:2020-03-31 14:07 level1 completed
DEBUG:root:2020-03-31 14:07 level1 completed
DEBUG:root:2020-03-31 14:07 level1 completed
DEBUG:root:2020-03-31 14:07 level1 completed
DEBUG:root:2020-03-31 14:07 level1 completed
DEBUG:root:2020-03-31 14:07 level1 completed
DEBUG:root:2020-03-31 14:07 level1 completed
DEBUG:root:2020-03-31 14:07 level1 completed
DEBUG:root:2020-03-31 14:07 level1 completed
DEBUG:root:2020-03-31 14:07 level1 completed
DEBUG:root:2020-03-31 14:07 level1 completed
DEBUG:root:2020-03-31 14:07 level1 completed
DEBUG:root:2020-03-31 14:07 level1 completed
DEBUG:root:2020-03-31 14:07 level1 completed
DEBUG:root:2020-03-31 14:07 level1 completed
DEBUG:root:2020-03-31 14:07 level1 completed
DEBUG:root:2020-03-31 14:07 level1 completed
DEBUG:root:2020-03-31 14:07 level1 completed
DEBUG:root:2020-03-31 14:07 level1 completed
DEBUG:root:2020-03-31 14:07 level1 completed
DEBUG:root:2020-03-31 14:07 level1 completed
DEBUG:root:2020-03-31 14:07 level1 completed
DEBUG:root:2020-03-31 14:07 level1 completed
DEBUG:root:2020-03-31 14:07 level1 completed
DEBUG:root:2020-03-31 14:07 level1 completed
DEBUG:root:2020-03-31 14:07 level1 completed
DEBUG:root:2020-03-31 14:07 level1 completed
DEBUG:root:2020-03-31 14:07 level1 completed
DEBUG:root:2020-03-31 14:07 level1 completed
DEBUG:root:2020-03-31 14:07 level1 completed
DEBUG:root:2020-03-31 14:07 level1 completed
DEBUG:root:2020-03-31 14:07 level1 completed
DEBUG:root:2020-03-31 14:07 level1 completed
DEBUG:root:2020-03-31 14:07 level1 completed
DEBUG:root:2020-03-31 14:07 level1 completed
DEBUG:root:2020-03-31 14:07 level1 completed
DEBUG:root:2020-03-31 14:07 level1 completed
DEBUG:root:2020-03-31 14:07 level1 completed
DEBUG:root:2020-03-31 14:07 level1 completed
DEBUG:root:2020-03-31 14:07 level1 completed
DEBUG:root:2020-03-31 14:07 level1 completed
DEBUG:root:2020-03-31 14:07 level1 completed
DEBUG:root:2020-03-31 14:07 level1 completed
DEBUG:root:2020-03-31 14:07 level1 completed
DEBUG:root:2020-03-31 14:07 level1 completed
DEBUG:root:2020-03-31 14:07 level1 completed
DEBUG:root:2020-03-31 14:07 level1 completed
DEBUG:root:2020-03-31 14:07 level1 completed
DEBUG:root:2020-03-31 14:07 level1 completed
DEBUG:root:2020-03-31 14:07 level1 completed
DEBUG:root:2020-03-31 14:07 level1 completed
DEBUG:root:2020-03-31 14:07 level1 completed
DEBUG:root:2020-03-31 14:10 level2 completed
DEBUG:root:2020-03-31 14:10 level2 completed
DEBUG:root:2020-03-31 14:10 level2 completed
DEBUG:root:2020-03-31 14:10 level2 completed
DEBUG:root:2020-03-31 14:10 level2 completed
DEBUG:root:2020-03-31 14:10 level2 completed
DEBUG:root:2020-03-31 14:10 level2 completed
DEBUG:root:2020-03-31 14:10 level2 completed
DEBUG:root:2020-03-31 14:10 level2 completed
DEBUG:root:2020-03-31 14:10 level2 completed
DEBUG:root:2020-03-31 14:10 level2 completed
DEBUG:root:2020-03-31 14:10 level2 completed
DEBUG:root:2020-03-31 14:10 level2 completed
DEBUG:root:2020-03-31 14:10 level2 completed
DEBUG:root:2020-03-31 14:10 level2 completed
DEBUG:root:2020-03-31 14:10 level2 completed
DEBUG:root:2020-03-31 14:10 level2 completed
DEBUG:root:2020-03-31 14:10 level2 completed
DEBUG:root:2020-03-31 14:10 level2 completed
DEBUG:root:2020-03-31 14:10 level2 completed
DEBUG:root:2020-03-31 14:10 level2 completed
DEBUG:root:2020-03-31 14:10 level2 completed
DEBUG:root:2020-03-31 14:10 level2 completed
DEBUG:root:2020-03-31 14:10 level2 completed
DEBUG:root:2020-03-31 14:10 level2 completed
DEBUG:root:2020-03-31 14:10 level2 completed
DEBUG:root:2020-03-31 14:10 level2 completed
DEBUG:root:2020-03-31 14:10 level2 completed
DEBUG:root:2020-03-31 14:10 level2 completed
DEBUG:root:2020-03-31 14:10 level2 completed
DEBUG:root:2020-03-31 14:10 level2 completed
DEBUG:root:2020-03-31 14:10 level2 completed
DEBUG:root:2020-03-31 14:10 level2 completed
DEBUG:root:2020-03-31 14:10 level2 completed
DEBUG:root:2020-03-31 14:10 level2 completed
DEBUG:root:2020-03-31 14:10 level2 completed
DEBUG:root:2020-03-31 14:10 level2 completed
DEBUG:root:2020-03-31 14:10 level2 completed
DEBUG:root:2020-03-31 14:10 level2 completed
DEBUG:root:2020-03-31 14:10 level2 completed
DEBUG:root:2020-03-31 14:10 level2 completed
DEBUG:root:2020-03-31 14:10 level2 completed
DEBUG:root:2020-03-31 14:10 level2 completed
DEBUG:root:2020-03-31 14:10 level2 completed
DEBUG:root:2020-03-31 14:10 level2 completed
DEBUG:root:2020-03-31 14:10 level2 completed
DEBUG:root:2020-03-31 14:10 level2 completed
DEBUG:root:2020-03-31 14:10 level2 completed
DEBUG:root:2020-03-31 14:10 level2 completed
DEBUG:root:2020-03-31 14:10 level2 completed
DEBUG:root:2020-03-31 14:10 level2 completed
DEBUG:root:2020-03-31 14:10 level2 completed
DEBUG:root:2020-03-31 14:10 level2 completed
DEBUG:root:2020-03-31 14:10 level2 completed
DEBUG:root:2020-03-31 14:10 level2 completed
DEBUG:root:2020-03-31 14:10 level2 completed
DEBUG:root:2020-03-31 14:10 level2 completed
DEBUG:root:2020-03-31 14:10 level2 completed
DEBUG:root:2020-03-31 14:10 level2 completed
DEBUG:root:2020-03-31 14:10 level2 completed
DEBUG:root:2020-03-31 14:10 level2 completed
DEBUG:root:2020-03-31 14:10 level2 completed
DEBUG:root:2020-03-31 14:10 level2 completed
DEBUG:root:2020-03-31 14:10 level2 completed
DEBUG:root:2020-03-31 14:10 level2 completed
DEBUG:root:2020-03-31 14:10 level2 completed
DEBUG:root:2020-03-31 14:10 level2 completed
DEBUG:root:2020-03-31 14:10 level2 completed
DEBUG:root:2020-03-31 14:10 level2 completed
DEBUG:root:2020-03-31 14:10 level2 completed
DEBUG:root:2020-03-31 14:10 level2 completed
DEBUG:root:2020-03-31 14:10 level2 completed
DEBUG:root:2020-03-31 14:10 level2 completed
DEBUG:root:2020-03-31 14:10 level2 completed
DEBUG:root:2020-03-31 14:10 level2 completed
DEBUG:root:2020-03-31 14:10 level2 completed
DEBUG:root:2020-03-31 14:10 level2 completed
DEBUG:root:2020-03-31 14:10 level2 completed
DEBUG:root:2020-03-31 14:10 level2 completed
DEBUG:root:2020-03-31 14:10 level2 completed
DEBUG:root:2020-03-31 14:10 level2 completed
DEBUG:root:2020-03-31 14:10 level2 completed
DEBUG:root:2020-03-31 14:10 level2 completed
DEBUG:root:2020-03-31 14:10 level2 completed
DEBUG:root:2020-03-31 14:10 level2 completed
DEBUG:root:2020-03-31 14:10 level2 completed
DEBUG:root:2020-03-31 14:10 level2 completed
DEBUG:root:2020-03-31 14:10 level2 completed
DEBUG:root:2020-03-31 14:10 level2 completed
DEBUG:root:2020-03-31 14:10 level2 completed
DEBUG:root:2020-03-31 14:10 level2 completed
DEBUG:root:2020-03-31 14:10 level2 completed
DEBUG:root:2020-03-31 14:10 level2 completed
DEBUG:root:2020-03-31 14:10 level2 completed
DEBUG:root:2020-03-31 14:10 level2 completed
DEBUG:root:2020-03-31 14:10 level2 completed
DEBUG:root:2020-03-31 14:10 level2 completed
DEBUG:root:2020-03-31 14:10 level2 completed
DEBUG:root:2020-03-31 14:10 level2 completed
DEBUG:root:2020-03-31 14:10 level2 completed
DEBUG:root:2020-03-31 14:10 level2 completed
DEBUG:root:2020-03-31 14:10 level2 completed
DEBUG:root:2020-03-31 14:10 level2 completed
DEBUG:root:2020-03-31 14:10 level2 completed
DEBUG:root:2020-03-31 14:10 level2 completed
DEBUG:root:2020-03-31 14:10 level2 completed
DEBUG:root:2020-03-31 14:10 level2 completed
DEBUG:root:2020-03-31 14:10 level2 completed
DEBUG:root:2020-03-31 14:10 level2 completed
DEBUG:root:2020-03-31 14:10 level2 completed
DEBUG:root:2020-03-31 14:10 level2 completed
DEBUG:root:2020-03-31 14:10 level2 completed
DEBUG:root:2020-03-31 14:10 level2 completed
DEBUG:root:2020-03-31 14:10 level2 completed
DEBUG:root:2020-03-31 14:10 level2 completed
DEBUG:root:2020-03-31 14:10 level2 completed
DEBUG:root:2020-03-31 14:10 level2 completed
DEBUG:root:2020-03-31 14:10 level2 completed
DEBUG:root:2020-03-31 14:10 level2 completed
DEBUG:root:2020-03-31 14:10 level2 completed
DEBUG:root:2020-03-31 14:10 level2 completed
DEBUG:root:2020-03-31 14:10 level2 completed
DEBUG:root:2020-03-31 14:10 level2 completed
DEBUG:root:2020-03-31 14:10 level2 completed
DEBUG:root:2020-03-31 14:10 level2 completed
DEBUG:root:2020-03-31 14:10 level2 completed
DEBUG:root:2020-03-31 14:10 level2 completed
DEBUG:root:2020-03-31 14:10 level2 completed
DEBUG:root:2020-03-31 14:10 level2 completed
DEBUG:root:2020-03-31 14:11 level3 completed
DEBUG:root:2020-03-31 14:11 level3 completed
DEBUG:root:2020-03-31 14:11 level3 completed
DEBUG:root:2020-03-31 14:11 level3 completed
DEBUG:root:2020-03-31 14:11 level3 completed
DEBUG:root:2020-03-31 14:11 level3 completed
DEBUG:root:2020-03-31 14:11 level3 completed
DEBUG:root:2020-03-31 14:11 level3 completed
DEBUG:root:2020-03-31 14:11 level3 completed
DEBUG:root:2020-03-31 14:11 level3 completed
DEBUG:root:2020-03-31 14:11 level3 completed
DEBUG:root:2020-03-31 14:11 level3 completed
DEBUG:root:2020-03-31 14:11 level3 completed
DEBUG:root:2020-03-31 14:11 level3 completed
DEBUG:root:2020-03-31 14:11 level3 completed
DEBUG:root:2020-03-31 14:11 level3 completed
DEBUG:root:2020-03-31 14:11 level3 completed
DEBUG:root:2020-03-31 14:11 level3 completed
DEBUG:root:2020-03-31 14:11 level3 completed
DEBUG:root:2020-03-31 14:11 level3 completed
DEBUG:root:2020-03-31 14:11 level3 completed
DEBUG:root:2020-03-31 14:11 level3 completed
DEBUG:root:2020-03-31 14:11 level3 completed
DEBUG:root:2020-03-31 14:11 level3 completed
DEBUG:root:2020-03-31 14:11 level3 completed
DEBUG:root:2020-03-31 14:11 level3 completed
DEBUG:root:2020-03-31 14:11 level3 completed
DEBUG:root:2020-03-31 14:11 level3 completed
DEBUG:root:2020-03-31 14:11 level3 completed
DEBUG:root:2020-03-31 14:11 level3 completed
DEBUG:root:2020-03-31 14:11 level3 completed
DEBUG:root:2020-03-31 14:11 level3 completed
DEBUG:root:2020-03-31 14:11 level3 completed
DEBUG:root:2020-03-31 14:11 level3 completed
DEBUG:root:2020-03-31 14:11 level3 completed
DEBUG:root:2020-03-31 14:11 level3 completed
DEBUG:root:2020-03-31 14:11 level3 completed
DEBUG:root:2020-03-31 14:11 level3 completed
DEBUG:root:2020-03-31 14:11 level3 completed
DEBUG:root:2020-03-31 14:11 level3 completed
DEBUG:root:2020-03-31 14:11 level3 completed
DEBUG:root:2020-03-31 14:11 level3 completed
DEBUG:root:2020-03-31 14:11 level3 completed
DEBUG:root:2020-03-31 14:11 level3 completed
DEBUG:root:2020-03-31 14:11 level3 completed
DEBUG:root:2020-03-31 14:11 level3 completed
DEBUG:root:2020-03-31 14:11 level3 completed
DEBUG:root:2020-03-31 14:11 level3 completed
DEBUG:root:2020-03-31 14:11 level3 completed
DEBUG:root:2020-03-31 14:11 level3 completed
DEBUG:root:2020-03-31 14:11 level3 completed
DEBUG:root:2020-03-31 14:11 level3 completed
DEBUG:root:2020-03-31 14:11 level3 completed
DEBUG:root:2020-03-31 14:11 level3 completed
DEBUG:root:2020-03-31 14:11 level3 completed
DEBUG:root:2020-03-31 14:11 level3 completed
DEBUG:root:2020-03-31 14:11 level3 completed
DEBUG:root:2020-03-31 14:11 level3 completed
DEBUG:root:2020-03-31 14:11 level3 completed
DEBUG:root:2020-03-31 14:11 level3 completed
DEBUG:root:2020-03-31 14:11 level3 completed
DEBUG:root:2020-03-31 14:11 level3 completed
DEBUG:root:2020-03-31 14:11 level3 completed
DEBUG:root:2020-03-31 14:11 level3 completed
DEBUG:root:2020-03-31 14:11 level3 completed
DEBUG:root:2020-03-31 14:11 level3 completed
DEBUG:root:2020-03-31 14:11 level3 completed
DEBUG:root:2020-03-31 14:11 level3 completed
DEBUG:root:2020-03-31 14:11 level3 completed
DEBUG:root:2020-03-31 14:11 level3 completed
DEBUG:root:2020-03-31 14:11 level3 completed
DEBUG:root:2020-03-31 14:11 level3 completed
DEBUG:root:2020-03-31 14:11 level3 completed
DEBUG:root:2020-03-31 14:11 level3 completed
DEBUG:root:2020-03-31 14:11 level3 completed
DEBUG:root:2020-03-31 14:11 level3 completed
DEBUG:root:2020-03-31 14:11 level3 completed
DEBUG:root:2020-03-31 14:11 level3 completed
DEBUG:root:2020-03-31 14:11 level3 completed
DEBUG:root:2020-03-31 14:11 level3 completed
DEBUG:root:2020-03-31 14:11 level3 completed
DEBUG:root:2020-03-31 14:11 level3 completed
DEBUG:root:2020-03-31 14:11 level3 completed
DEBUG:root:2020-03-31 14:11 level3 completed
DEBUG:root:2020-03-31 14:11 level3 completed
DEBUG:root:2020-03-31 14:11 level3 completed
DEBUG:root:2020-03-31 14:11 level3 completed
DEBUG:root:2020-03-31 14:11 level3 completed
DEBUG:root:2020-03-31 14:11 level3 completed
DEBUG:root:2020-03-31 14:11 level3 completed
DEBUG:root:2020-03-31 14:11 level3 completed
DEBUG:root:2020-03-31 14:11 level3 completed
DEBUG:root:2020-03-31 14:11 level3 completed
DEBUG:root:2020-03-31 14:11 level3 completed
DEBUG:root:2020-03-31 14:11 level3 completed
DEBUG:root:2020-03-31 14:11 level3 completed
DEBUG:root:2020-03-31 14:11 level3 completed
DEBUG:root:2020-03-31 14:11 level3 completed
DEBUG:root:2020-03-31 14:11 level3 completed
DEBUG:root:2020-03-31 14:11 level3 completed
DEBUG:root:2020-03-31 14:11 level3 completed
DEBUG:root:2020-03-31 14:11 level3 completed
DEBUG:root:2020-03-31 14:11 level3 completed
DEBUG:root:2020-03-31 14:11 level3 completed
DEBUG:root:2020-03-31 14:11 level3 completed
DEBUG:root:2020-03-31 14:11 level3 completed
DEBUG:root:2020-03-31 14:11 level3 completed
DEBUG:root:2020-03-31 14:11 level3 completed
DEBUG:root:2020-03-31 14:11 level3 completed
DEBUG:root:2020-03-31 14:11 level3 completed
DEBUG:root:2020-03-31 14:11 level3 completed
DEBUG:root:2020-03-31 14:11 level3 completed
DEBUG:root:2020-03-31 14:11 level3 completed
DEBUG:root:2020-03-31 14:11 level3 completed
DEBUG:root:2020-03-31 14:11 level3 completed
DEBUG:root:2020-03-31 14:11 level3 completed
DEBUG:root:2020-03-31 14:11 level3 completed
DEBUG:root:2020-03-31 14:11 level3 completed
DEBUG:root:2020-03-31 14:11 level3 completed
DEBUG:root:2020-03-31 14:11 level3 completed
DEBUG:root:2020-03-31 14:11 level3 completed
DEBUG:root:2020-03-31 14:11 level3 completed
DEBUG:root:2020-03-31 14:11 level3 completed
DEBUG:root:2020-03-31 14:11 level3 completed
DEBUG:root:2020-03-31 14:11 level3 completed
DEBUG:root:2020-03-31 14:11 level3 completed
DEBUG:root:2020-03-31 14:11 level3 completed
DEBUG:root:2020-03-31 14:11 level3 completed
DEBUG:root:2020-03-31 14:14 level4 completed
DEBUG:root:2020-03-31 14:14 level4 completed
DEBUG:root:2020-03-31 14:14 level4 completed
DEBUG:root:2020-03-31 14:14 level4 completed
DEBUG:root:2020-03-31 14:14 level4 completed
DEBUG:root:2020-03-31 14:14 level4 completed
DEBUG:root:2020-03-31 14:14 level4 completed
DEBUG:root:2020-03-31 14:14 level4 completed
DEBUG:root:2020-03-31 14:14 level4 completed
DEBUG:root:2020-03-31 14:14 level4 completed
DEBUG:root:2020-03-31 14:14 level4 completed
DEBUG:root:2020-03-31 14:14 level4 completed
DEBUG:root:2020-03-31 14:14 level4 completed
DEBUG:root:2020-03-31 14:14 level4 completed
DEBUG:root:2020-03-31 14:14 level4 completed
DEBUG:root:2020-03-31 14:14 level4 completed
DEBUG:root:2020-03-31 14:14 level4 completed
DEBUG:root:2020-03-31 14:18 level1:player2 has been shot.
DEBUG:root:2020-03-31 14:25 level5:player0 has been shot.
DEBUG:root:2020-03-31 14:30 level7 gameOver: castle has been destroyed.Total destroyed 1 times.
DEBUG:root:2020-03-31 14:30 level7:Restart the game.
DEBUG:root:2020-03-31 14:31enemy tank get stuck
DEBUG:root:2020-03-31 14:31enemy tank get stuck
DEBUG:root:2020-03-31 14:32 level7 gameOver: castle has been destroyed.Total destroyed 2 times.
DEBUG:root:2020-03-31 14:32 level7:Restart the game.
DEBUG:root:2020-03-31 14:32 level7 gameOver: castle has been destroyed.Total destroyed 3 times.
DEBUG:root:2020-03-31 14:32 level7:Restart the game.
DEBUG:root:2020-03-31 14:34 level7 gameOver: castle has been destroyed.Total destroyed 4 times.
DEBUG:root:2020-03-31 14:34 level7:Restart the game.
DEBUG:root:2020-03-31 14:34enemy tank get stuck
DEBUG:root:2020-03-31 14:34enemy tank get stuck
DEBUG:root:2020-03-31 14:35 level7 gameOver: castle has been destroyed.Total destroyed 5 times.
DEBUG:root:2020-03-31 14:35 level7:Restart the game.
DEBUG:root:2020-03-31 14:36enemy tank get stuck
DEBUG:root:2020-03-31 14:36enemy tank get stuck
DEBUG:root:2020-03-31 14:36 level7 gameOver: castle has been destroyed.Total destroyed 6 times.
DEBUG:root:2020-03-31 14:36 level7:Restart the game.
DEBUG:root:2020-03-31 14:36 level7:player0 has been shot.
DEBUG:root:2020-03-31 14:36enemy tank get stuck
DEBUG:root:2020-03-31 14:37 level7 gameOver: castle has been destroyed.Total destroyed 7 times.
DEBUG:root:2020-03-31 14:37 level7:Restart the game.
DEBUG:root:2020-03-31 14:37enemy tank get stuck
DEBUG:root:2020-03-31 14:40 level8 gameOver: castle has been destroyed.Total destroyed 8 times.
DEBUG:root:2020-03-31 14:40 level8:Restart the game.
DEBUG:root:2020-03-31 14:40 level8 gameOver: castle has been destroyed.Total destroyed 9 times.
DEBUG:root:2020-03-31 14:40 level8:Restart the game.
DEBUG:root:2020-03-31 14:40enemy tank get stuck
DEBUG:root:2020-03-31 14:40 level8 gameOver: castle has been destroyed.Total destroyed 10 times.
DEBUG:root:2020-03-31 14:40 level8:Restart the game.
DEBUG:root:2020-03-31 14:41enemy tank get stuck
DEBUG:root:2020-03-31 14:43 level9:player0 has been shot.
DEBUG:root:2020-03-31 14:43 level9:Restart the game.
DEBUG:root:2020-03-31 14:44 level9:player0 has been shot.
DEBUG:root:2020-03-31 14:50 level12 gameOver: castle has been destroyed.Total destroyed 11 times.
DEBUG:root:2020-03-31 14:50 level12:Restart the game.
DEBUG:root:2020-03-31 14:50 level12:Restart the game.
DEBUG:root:2020-03-31 14:51 level12:player0 has been shot.
DEBUG:root:2020-03-31 14:51enemy tank get stuck
DEBUG:root:2020-03-31 14:51enemy tank get stuck
DEBUG:root:2020-03-31 14:52 level12:player0 has been shot.
DEBUG:root:2020-03-31 14:53player tank get stuck
DEBUG:root:2020-03-31 14:54 level13:Restart the game.
DEBUG:root:2020-03-31 14:56 level13:player2 has been shot.
